[13:13:18.025] Global cache location '/home/simon/.cache/typescript/4.1', safe file path '/home/simon/.emacs.d/.local/etc/lsp/npm/typescript/lib/node_modules/typescript/lib/typingSafeList.json', types map path /home/simon/.emacs.d/.local/etc/lsp/npm/typescript/lib/node_modules/typescript/lib/typesMap.json
[13:13:18.026] Processing cache location '/home/simon/.cache/typescript/4.1'
[13:13:18.026] Trying to find '/home/simon/.cache/typescript/4.1/package.json'...
[13:13:18.028] Loaded content of '/home/simon/.cache/typescript/4.1/package.json': {"private":true,"dependencies":{"types-registry":"^0.1.527"},"devDependencies":{"@types/history":"^4.7.8","@types/prop-types":"^15.7.3","@types/react":"^17.0.1","@types/react-router":"^5.1.11","@types/react-router-dom":"^5.1.7"}}
[13:13:18.028] Loaded content of '/home/simon/.cache/typescript/4.1/package-lock.json'
[13:13:18.039] Adding entry into typings cache: 'history' => '/home/simon/.cache/typescript/4.1/node_modules/@types/history/index.d.ts'
[13:13:18.043] Adding entry into typings cache: 'prop-types' => '/home/simon/.cache/typescript/4.1/node_modules/@types/prop-types/index.d.ts'
[13:13:18.048] Adding entry into typings cache: 'react' => '/home/simon/.cache/typescript/4.1/node_modules/@types/react/index.d.ts'
[13:13:18.053] Adding entry into typings cache: 'react-router' => '/home/simon/.cache/typescript/4.1/node_modules/@types/react-router/index.d.ts'
[13:13:18.056] Adding entry into typings cache: 'react-router-dom' => '/home/simon/.cache/typescript/4.1/node_modules/@types/react-router-dom/index.d.ts'
[13:13:18.056] Finished processing cache location '/home/simon/.cache/typescript/4.1'
[13:13:18.056] Process id: 3199
[13:13:18.056] NPM location: /home/simon/.nvm/versions/node/v14.7.0/bin/npm (explicit '--npmLocation' not  provided)
[13:13:18.057] validateDefaultNpmLocation: false
[13:13:18.057] Npm config file: /home/simon/.cache/typescript/4.1/package.json
[13:13:18.057] Updating types-registry npm package...
[13:13:18.057] Exec: /home/simon/.nvm/versions/node/v14.7.0/bin/npm install --ignore-scripts types-registry@latest
[13:13:19.419]     Succeeded. stdout:
    + types-registry@0.1.527
    updated 1 package and audited 7 packages in 0.806s
found 0 vulnerabilities


[13:13:19.419] Updated types-registry npm package
[13:13:23.758] Got install request {"projectName":"/dev/null/inferredProject1*","fileNames":["/home/simon/.emacs.d/.local/etc/lsp/npm/typescript/lib/node_modules/typescript/lib/lib.es5.d.ts","/home/simon/.emacs.d/.local/etc/lsp/npm/typescript/lib/node_modules/typescript/lib/lib.es2015.d.ts","/home/simon/.emacs.d/.local/etc/lsp/npm/typescript/lib/node_modules/typescript/lib/lib.es2016.d.ts","/home/simon/.emacs.d/.local/etc/lsp/npm/typescript/lib/node_modules/typescript/lib/lib.dom.d.ts","/home/simon/.emacs.d/.local/etc/lsp/npm/typescript/lib/node_modules/typescript/lib/lib.dom.iterable.d.ts","/home/simon/.emacs.d/.local/etc/lsp/npm/typescript/lib/node_modules/typescript/lib/lib.webworker.importscripts.d.ts","/home/simon/.emacs.d/.local/etc/lsp/npm/typescript/lib/node_modules/typescript/lib/lib.scripthost.d.ts","/home/simon/.emacs.d/.local/etc/lsp/npm/typescript/lib/node_modules/typescript/lib/lib.es2015.core.d.ts","/home/simon/.emacs.d/.local/etc/lsp/npm/typescript/lib/node_modules/typescript/lib/lib.es2015.collection.d.ts","/home/simon/.emacs.d/.local/etc/lsp/npm/typescript/lib/node_modules/typescript/lib/lib.es2015.generator.d.ts","/home/simon/.emacs.d/.local/etc/lsp/npm/typescript/lib/node_modules/typescript/lib/lib.es2015.iterable.d.ts","/home/simon/.emacs.d/.local/etc/lsp/npm/typescript/lib/node_modules/typescript/lib/lib.es2015.promise.d.ts","/home/simon/.emacs.d/.local/etc/lsp/npm/typescript/lib/node_modules/typescript/lib/lib.es2015.proxy.d.ts","/home/simon/.emacs.d/.local/etc/lsp/npm/typescript/lib/node_modules/typescript/lib/lib.es2015.reflect.d.ts","/home/simon/.emacs.d/.local/etc/lsp/npm/typescript/lib/node_modules/typescript/lib/lib.es2015.symbol.d.ts","/home/simon/.emacs.d/.local/etc/lsp/npm/typescript/lib/node_modules/typescript/lib/lib.es2015.symbol.wellknown.d.ts","/home/simon/.emacs.d/.local/etc/lsp/npm/typescript/lib/node_modules/typescript/lib/lib.es2016.array.include.d.ts","/home/simon/.emacs.d/.local/etc/lsp/npm/typescript/lib/node_modules/typescript/lib/lib.es2016.full.d.ts","/home/simon/development/CodeBunker-styleguide/styleguide/src/components/pages/Introduction.js"],"compilerOptions":{"module":1,"target":3,"jsx":1,"allowJs":true,"allowSyntheticDefaultImports":true,"allowNonTsExtensions":true,"noEmitForJsFiles":true,"maxNodeModuleJsDepth":2},"typeAcquisition":{"enable":true,"include":[],"exclude":[]},"unresolvedImports":[],"projectRootPath":"/home/simon/development/CodeBunker-styleguide/styleguide/src/components/pages","kind":"discover"}
[13:13:23.780] Loaded safelist from types map file '/home/simon/.emacs.d/.local/etc/lsp/npm/typescript/lib/node_modules/typescript/lib/typesMap.json'
[13:13:23.781] Explicitly included types: []
[13:13:23.782] Inferred typings from unresolved imports: []
[13:13:23.782] Result: {"cachedTypingPaths":[],"newTypingNames":[],"filesToWatch":["/home/simon/development/CodeBunker-styleguide/styleguide/src/components/pages/bower_components","/home/simon/development/CodeBunker-styleguide/styleguide/src/components/pages/node_modules"]}
[13:13:23.782] Finished typings discovery: {"cachedTypingPaths":[],"newTypingNames":[],"filesToWatch":["/home/simon/development/CodeBunker-styleguide/styleguide/src/components/pages/bower_components","/home/simon/development/CodeBunker-styleguide/styleguide/src/components/pages/node_modules"]}
[13:13:23.782] DirectoryWatcher:: Added:: WatchInfo: /home/simon/development/CodeBunker-styleguide/styleguide/src/components/pages/bower_components
[13:13:23.784] DirectoryWatcher:: Added:: WatchInfo: /home/simon/development/CodeBunker-styleguide/styleguide/src/components/pages/node_modules
[13:13:23.785] Sending response:
    {"projectName":"/dev/null/inferredProject1*","typeAcquisition":{"enable":true,"include":[],"exclude":[]},"compilerOptions":{"module":1,"target":3,"jsx":1,"allowJs":true,"allowSyntheticDefaultImports":true,"allowNonTsExtensions":true,"noEmitForJsFiles":true,"maxNodeModuleJsDepth":2},"typings":[],"unresolvedImports":[],"kind":"action::set"}
[13:13:23.785] Response has been sent.
[13:13:23.785] No new typings were requested as a result of typings discovery
