[03:08:59.052] Global cache location '/home/simon/.cache/typescript/4.1', safe file path '/home/simon/.emacs.d/.local/etc/lsp/npm/typescript/lib/node_modules/typescript/lib/typingSafeList.json', types map path /home/simon/.emacs.d/.local/etc/lsp/npm/typescript/lib/node_modules/typescript/lib/typesMap.json
[03:08:59.053] Processing cache location '/home/simon/.cache/typescript/4.1'
[03:08:59.053] Trying to find '/home/simon/.cache/typescript/4.1/package.json'...
[03:08:59.054] Loaded content of '/home/simon/.cache/typescript/4.1/package.json': {"private":true,"dependencies":{"types-registry":"^0.1.527"},"devDependencies":{"@types/history":"^4.7.8","@types/prop-types":"^15.7.3","@types/react":"^17.0.1","@types/react-router":"^5.1.11","@types/react-router-dom":"^5.1.7"}}
[03:08:59.054] Loaded content of '/home/simon/.cache/typescript/4.1/package-lock.json'
[03:08:59.066] Adding entry into typings cache: 'history' => '/home/simon/.cache/typescript/4.1/node_modules/@types/history/index.d.ts'
[03:08:59.070] Adding entry into typings cache: 'prop-types' => '/home/simon/.cache/typescript/4.1/node_modules/@types/prop-types/index.d.ts'
[03:08:59.078] Adding entry into typings cache: 'react' => '/home/simon/.cache/typescript/4.1/node_modules/@types/react/index.d.ts'
[03:08:59.083] Adding entry into typings cache: 'react-router' => '/home/simon/.cache/typescript/4.1/node_modules/@types/react-router/index.d.ts'
[03:08:59.086] Adding entry into typings cache: 'react-router-dom' => '/home/simon/.cache/typescript/4.1/node_modules/@types/react-router-dom/index.d.ts'
[03:08:59.086] Finished processing cache location '/home/simon/.cache/typescript/4.1'
[03:08:59.086] Process id: 3801503
[03:08:59.086] NPM location: /home/simon/.nvm/versions/node/v14.7.0/bin/npm (explicit '--npmLocation' not  provided)
[03:08:59.087] validateDefaultNpmLocation: false
[03:08:59.087] Npm config file: /home/simon/.cache/typescript/4.1/package.json
[03:08:59.087] Updating types-registry npm package...
[03:08:59.087] Exec: /home/simon/.nvm/versions/node/v14.7.0/bin/npm install --ignore-scripts types-registry@latest
[03:09:00.289]     Succeeded. stdout:
    + types-registry@0.1.527
    updated 1 package and audited 7 packages in 0.717s
found 0 vulnerabilities


[03:09:00.289] Updated types-registry npm package
[03:09:02.944] Got install request {"projectName":"/dev/null/inferredProject1*","fileNames":["/home/simon/.emacs.d/.local/etc/lsp/npm/typescript/lib/node_modules/typescript/lib/lib.es5.d.ts","/home/simon/.emacs.d/.local/etc/lsp/npm/typescript/lib/node_modules/typescript/lib/lib.es2015.d.ts","/home/simon/.emacs.d/.local/etc/lsp/npm/typescript/lib/node_modules/typescript/lib/lib.es2016.d.ts","/home/simon/.emacs.d/.local/etc/lsp/npm/typescript/lib/node_modules/typescript/lib/lib.dom.d.ts","/home/simon/.emacs.d/.local/etc/lsp/npm/typescript/lib/node_modules/typescript/lib/lib.dom.iterable.d.ts","/home/simon/.emacs.d/.local/etc/lsp/npm/typescript/lib/node_modules/typescript/lib/lib.webworker.importscripts.d.ts","/home/simon/.emacs.d/.local/etc/lsp/npm/typescript/lib/node_modules/typescript/lib/lib.scripthost.d.ts","/home/simon/.emacs.d/.local/etc/lsp/npm/typescript/lib/node_modules/typescript/lib/lib.es2015.core.d.ts","/home/simon/.emacs.d/.local/etc/lsp/npm/typescript/lib/node_modules/typescript/lib/lib.es2015.collection.d.ts","/home/simon/.emacs.d/.local/etc/lsp/npm/typescript/lib/node_modules/typescript/lib/lib.es2015.generator.d.ts","/home/simon/.emacs.d/.local/etc/lsp/npm/typescript/lib/node_modules/typescript/lib/lib.es2015.iterable.d.ts","/home/simon/.emacs.d/.local/etc/lsp/npm/typescript/lib/node_modules/typescript/lib/lib.es2015.promise.d.ts","/home/simon/.emacs.d/.local/etc/lsp/npm/typescript/lib/node_modules/typescript/lib/lib.es2015.proxy.d.ts","/home/simon/.emacs.d/.local/etc/lsp/npm/typescript/lib/node_modules/typescript/lib/lib.es2015.reflect.d.ts","/home/simon/.emacs.d/.local/etc/lsp/npm/typescript/lib/node_modules/typescript/lib/lib.es2015.symbol.d.ts","/home/simon/.emacs.d/.local/etc/lsp/npm/typescript/lib/node_modules/typescript/lib/lib.es2015.symbol.wellknown.d.ts","/home/simon/.emacs.d/.local/etc/lsp/npm/typescript/lib/node_modules/typescript/lib/lib.es2016.array.include.d.ts","/home/simon/.emacs.d/.local/etc/lsp/npm/typescript/lib/node_modules/typescript/lib/lib.es2016.full.d.ts","/home/simon/development/CodeBunker-styleguide/styleguide/src/App.js"],"compilerOptions":{"module":1,"target":3,"jsx":1,"allowJs":true,"allowSyntheticDefaultImports":true,"allowNonTsExtensions":true,"noEmitForJsFiles":true,"maxNodeModuleJsDepth":2},"typeAcquisition":{"enable":true,"include":[],"exclude":[]},"unresolvedImports":[],"projectRootPath":"/home/simon/development/CodeBunker-styleguide/styleguide/src","kind":"discover"}
[03:09:02.966] Loaded safelist from types map file '/home/simon/.emacs.d/.local/etc/lsp/npm/typescript/lib/node_modules/typescript/lib/typesMap.json'
[03:09:02.967] Explicitly included types: []
[03:09:02.969] Inferred typings from unresolved imports: []
[03:09:02.969] Result: {"cachedTypingPaths":[],"newTypingNames":[],"filesToWatch":["/home/simon/development/CodeBunker-styleguide/styleguide/src/bower_components","/home/simon/development/CodeBunker-styleguide/styleguide/src/node_modules"]}
[03:09:02.969] Finished typings discovery: {"cachedTypingPaths":[],"newTypingNames":[],"filesToWatch":["/home/simon/development/CodeBunker-styleguide/styleguide/src/bower_components","/home/simon/development/CodeBunker-styleguide/styleguide/src/node_modules"]}
[03:09:02.970] DirectoryWatcher:: Added:: WatchInfo: /home/simon/development/CodeBunker-styleguide/styleguide/src/bower_components
[03:09:02.973] DirectoryWatcher:: Added:: WatchInfo: /home/simon/development/CodeBunker-styleguide/styleguide/src/node_modules
[03:09:02.973] Sending response:
    {"projectName":"/dev/null/inferredProject1*","typeAcquisition":{"enable":true,"include":[],"exclude":[]},"compilerOptions":{"module":1,"target":3,"jsx":1,"allowJs":true,"allowSyntheticDefaultImports":true,"allowNonTsExtensions":true,"noEmitForJsFiles":true,"maxNodeModuleJsDepth":2},"typings":[],"unresolvedImports":[],"kind":"action::set"}
[03:09:02.974] Response has been sent.
[03:09:02.974] No new typings were requested as a result of typings discovery
[03:09:02.974] Got install request {"projectName":"/dev/null/inferredProject2*","fileNames":["/home/simon/.emacs.d/.local/etc/lsp/npm/typescript/lib/node_modules/typescript/lib/lib.es5.d.ts","/home/simon/.emacs.d/.local/etc/lsp/npm/typescript/lib/node_modules/typescript/lib/lib.es2015.d.ts","/home/simon/.emacs.d/.local/etc/lsp/npm/typescript/lib/node_modules/typescript/lib/lib.es2016.d.ts","/home/simon/.emacs.d/.local/etc/lsp/npm/typescript/lib/node_modules/typescript/lib/lib.dom.d.ts","/home/simon/.emacs.d/.local/etc/lsp/npm/typescript/lib/node_modules/typescript/lib/lib.dom.iterable.d.ts","/home/simon/.emacs.d/.local/etc/lsp/npm/typescript/lib/node_modules/typescript/lib/lib.webworker.importscripts.d.ts","/home/simon/.emacs.d/.local/etc/lsp/npm/typescript/lib/node_modules/typescript/lib/lib.scripthost.d.ts","/home/simon/.emacs.d/.local/etc/lsp/npm/typescript/lib/node_modules/typescript/lib/lib.es2015.core.d.ts","/home/simon/.emacs.d/.local/etc/lsp/npm/typescript/lib/node_modules/typescript/lib/lib.es2015.collection.d.ts","/home/simon/.emacs.d/.local/etc/lsp/npm/typescript/lib/node_modules/typescript/lib/lib.es2015.generator.d.ts","/home/simon/.emacs.d/.local/etc/lsp/npm/typescript/lib/node_modules/typescript/lib/lib.es2015.iterable.d.ts","/home/simon/.emacs.d/.local/etc/lsp/npm/typescript/lib/node_modules/typescript/lib/lib.es2015.promise.d.ts","/home/simon/.emacs.d/.local/etc/lsp/npm/typescript/lib/node_modules/typescript/lib/lib.es2015.proxy.d.ts","/home/simon/.emacs.d/.local/etc/lsp/npm/typescript/lib/node_modules/typescript/lib/lib.es2015.reflect.d.ts","/home/simon/.emacs.d/.local/etc/lsp/npm/typescript/lib/node_modules/typescript/lib/lib.es2015.symbol.d.ts","/home/simon/.emacs.d/.local/etc/lsp/npm/typescript/lib/node_modules/typescript/lib/lib.es2015.symbol.wellknown.d.ts","/home/simon/.emacs.d/.local/etc/lsp/npm/typescript/lib/node_modules/typescript/lib/lib.es2016.array.include.d.ts","/home/simon/.emacs.d/.local/etc/lsp/npm/typescript/lib/node_modules/typescript/lib/lib.es2016.full.d.ts","/home/simon/development/CodeBunker-styleguide/styleguide/src/components/pages/Introduction.js"],"compilerOptions":{"module":1,"target":3,"jsx":1,"allowJs":true,"allowSyntheticDefaultImports":true,"allowNonTsExtensions":true,"noEmitForJsFiles":true,"maxNodeModuleJsDepth":2},"typeAcquisition":{"enable":true,"include":[],"exclude":[]},"unresolvedImports":[],"projectRootPath":"/home/simon/development/CodeBunker-styleguide/styleguide/src/components/pages","kind":"discover"}
[03:09:02.975] Explicitly included types: []
[03:09:02.975] Inferred typings from unresolved imports: []
[03:09:02.975] Result: {"cachedTypingPaths":[],"newTypingNames":[],"filesToWatch":["/home/simon/development/CodeBunker-styleguide/styleguide/src/components/pages/bower_components","/home/simon/development/CodeBunker-styleguide/styleguide/src/components/pages/node_modules"]}
[03:09:02.975] Finished typings discovery: {"cachedTypingPaths":[],"newTypingNames":[],"filesToWatch":["/home/simon/development/CodeBunker-styleguide/styleguide/src/components/pages/bower_components","/home/simon/development/CodeBunker-styleguide/styleguide/src/components/pages/node_modules"]}
[03:09:02.976] DirectoryWatcher:: Added:: WatchInfo: /home/simon/development/CodeBunker-styleguide/styleguide/src/components/pages/bower_components
[03:09:02.976] DirectoryWatcher:: Added:: WatchInfo: /home/simon/development/CodeBunker-styleguide/styleguide/src/components/pages/node_modules
[03:09:02.976] Sending response:
    {"projectName":"/dev/null/inferredProject2*","typeAcquisition":{"enable":true,"include":[],"exclude":[]},"compilerOptions":{"module":1,"target":3,"jsx":1,"allowJs":true,"allowSyntheticDefaultImports":true,"allowNonTsExtensions":true,"noEmitForJsFiles":true,"maxNodeModuleJsDepth":2},"typings":[],"unresolvedImports":[],"kind":"action::set"}
[03:09:02.976] Response has been sent.
[03:09:02.976] No new typings were requested as a result of typings discovery
[03:09:39.930] Got install request {"projectName":"/dev/null/inferredProject1*","fileNames":["/home/simon/.emacs.d/.local/etc/lsp/npm/typescript/lib/node_modules/typescript/lib/lib.es5.d.ts","/home/simon/.emacs.d/.local/etc/lsp/npm/typescript/lib/node_modules/typescript/lib/lib.es2015.d.ts","/home/simon/.emacs.d/.local/etc/lsp/npm/typescript/lib/node_modules/typescript/lib/lib.es2016.d.ts","/home/simon/.emacs.d/.local/etc/lsp/npm/typescript/lib/node_modules/typescript/lib/lib.dom.d.ts","/home/simon/.emacs.d/.local/etc/lsp/npm/typescript/lib/node_modules/typescript/lib/lib.dom.iterable.d.ts","/home/simon/.emacs.d/.local/etc/lsp/npm/typescript/lib/node_modules/typescript/lib/lib.webworker.importscripts.d.ts","/home/simon/.emacs.d/.local/etc/lsp/npm/typescript/lib/node_modules/typescript/lib/lib.scripthost.d.ts","/home/simon/.emacs.d/.local/etc/lsp/npm/typescript/lib/node_modules/typescript/lib/lib.es2015.core.d.ts","/home/simon/.emacs.d/.local/etc/lsp/npm/typescript/lib/node_modules/typescript/lib/lib.es2015.collection.d.ts","/home/simon/.emacs.d/.local/etc/lsp/npm/typescript/lib/node_modules/typescript/lib/lib.es2015.generator.d.ts","/home/simon/.emacs.d/.local/etc/lsp/npm/typescript/lib/node_modules/typescript/lib/lib.es2015.iterable.d.ts","/home/simon/.emacs.d/.local/etc/lsp/npm/typescript/lib/node_modules/typescript/lib/lib.es2015.promise.d.ts","/home/simon/.emacs.d/.local/etc/lsp/npm/typescript/lib/node_modules/typescript/lib/lib.es2015.proxy.d.ts","/home/simon/.emacs.d/.local/etc/lsp/npm/typescript/lib/node_modules/typescript/lib/lib.es2015.reflect.d.ts","/home/simon/.emacs.d/.local/etc/lsp/npm/typescript/lib/node_modules/typescript/lib/lib.es2015.symbol.d.ts","/home/simon/.emacs.d/.local/etc/lsp/npm/typescript/lib/node_modules/typescript/lib/lib.es2015.symbol.wellknown.d.ts","/home/simon/.emacs.d/.local/etc/lsp/npm/typescript/lib/node_modules/typescript/lib/lib.es2016.array.include.d.ts","/home/simon/.emacs.d/.local/etc/lsp/npm/typescript/lib/node_modules/typescript/lib/lib.es2016.full.d.ts","/home/simon/development/CodeBunker-styleguide/styleguide/src/App.js"],"compilerOptions":{"module":1,"target":3,"jsx":1,"allowJs":true,"allowSyntheticDefaultImports":true,"allowNonTsExtensions":true,"noEmitForJsFiles":true,"maxNodeModuleJsDepth":2},"typeAcquisition":{"enable":true,"include":[],"exclude":[]},"unresolvedImports":["com"],"projectRootPath":"/home/simon/development/CodeBunker-styleguide/styleguide/src","kind":"discover"}
[03:09:39.931] Explicitly included types: []
[03:09:39.931] Inferred typings from unresolved imports: ["com"]
[03:09:39.931] Result: {"cachedTypingPaths":[],"newTypingNames":["com"],"filesToWatch":["/home/simon/development/CodeBunker-styleguide/styleguide/src/bower_components","/home/simon/development/CodeBunker-styleguide/styleguide/src/node_modules"]}
[03:09:39.932] Finished typings discovery: {"cachedTypingPaths":[],"newTypingNames":["com"],"filesToWatch":["/home/simon/development/CodeBunker-styleguide/styleguide/src/bower_components","/home/simon/development/CodeBunker-styleguide/styleguide/src/node_modules"]}
[03:09:39.932] Installing typings ["com"]
[03:09:39.932] 'com':: Entry for package 'com' does not exist in local types registry - skipping...
[03:09:39.932] All typings are known to be missing or invalid - no need to install more typings
[03:09:39.932] Sending response:
    {"projectName":"/dev/null/inferredProject1*","typeAcquisition":{"enable":true,"include":[],"exclude":[]},"compilerOptions":{"module":1,"target":3,"jsx":1,"allowJs":true,"allowSyntheticDefaultImports":true,"allowNonTsExtensions":true,"noEmitForJsFiles":true,"maxNodeModuleJsDepth":2},"typings":[],"unresolvedImports":["com"],"kind":"action::set"}
[03:09:39.932] Response has been sent.
[03:09:40.755] Got install request {"projectName":"/dev/null/inferredProject1*","fileNames":["/home/simon/.emacs.d/.local/etc/lsp/npm/typescript/lib/node_modules/typescript/lib/lib.es5.d.ts","/home/simon/.emacs.d/.local/etc/lsp/npm/typescript/lib/node_modules/typescript/lib/lib.es2015.d.ts","/home/simon/.emacs.d/.local/etc/lsp/npm/typescript/lib/node_modules/typescript/lib/lib.es2016.d.ts","/home/simon/.emacs.d/.local/etc/lsp/npm/typescript/lib/node_modules/typescript/lib/lib.dom.d.ts","/home/simon/.emacs.d/.local/etc/lsp/npm/typescript/lib/node_modules/typescript/lib/lib.dom.iterable.d.ts","/home/simon/.emacs.d/.local/etc/lsp/npm/typescript/lib/node_modules/typescript/lib/lib.webworker.importscripts.d.ts","/home/simon/.emacs.d/.local/etc/lsp/npm/typescript/lib/node_modules/typescript/lib/lib.scripthost.d.ts","/home/simon/.emacs.d/.local/etc/lsp/npm/typescript/lib/node_modules/typescript/lib/lib.es2015.core.d.ts","/home/simon/.emacs.d/.local/etc/lsp/npm/typescript/lib/node_modules/typescript/lib/lib.es2015.collection.d.ts","/home/simon/.emacs.d/.local/etc/lsp/npm/typescript/lib/node_modules/typescript/lib/lib.es2015.generator.d.ts","/home/simon/.emacs.d/.local/etc/lsp/npm/typescript/lib/node_modules/typescript/lib/lib.es2015.iterable.d.ts","/home/simon/.emacs.d/.local/etc/lsp/npm/typescript/lib/node_modules/typescript/lib/lib.es2015.promise.d.ts","/home/simon/.emacs.d/.local/etc/lsp/npm/typescript/lib/node_modules/typescript/lib/lib.es2015.proxy.d.ts","/home/simon/.emacs.d/.local/etc/lsp/npm/typescript/lib/node_modules/typescript/lib/lib.es2015.reflect.d.ts","/home/simon/.emacs.d/.local/etc/lsp/npm/typescript/lib/node_modules/typescript/lib/lib.es2015.symbol.d.ts","/home/simon/.emacs.d/.local/etc/lsp/npm/typescript/lib/node_modules/typescript/lib/lib.es2015.symbol.wellknown.d.ts","/home/simon/.emacs.d/.local/etc/lsp/npm/typescript/lib/node_modules/typescript/lib/lib.es2016.array.include.d.ts","/home/simon/.emacs.d/.local/etc/lsp/npm/typescript/lib/node_modules/typescript/lib/lib.es2016.full.d.ts","/home/simon/development/CodeBunker-styleguide/styleguide/src/App.js"],"compilerOptions":{"module":1,"target":3,"jsx":1,"allowJs":true,"allowSyntheticDefaultImports":true,"allowNonTsExtensions":true,"noEmitForJsFiles":true,"maxNodeModuleJsDepth":2},"typeAcquisition":{"enable":true,"include":[],"exclude":[]},"unresolvedImports":["como"],"projectRootPath":"/home/simon/development/CodeBunker-styleguide/styleguide/src","kind":"discover"}
[03:09:40.755] Explicitly included types: []
[03:09:40.756] Inferred typings from unresolved imports: ["como"]
[03:09:40.756] Result: {"cachedTypingPaths":[],"newTypingNames":["como"],"filesToWatch":["/home/simon/development/CodeBunker-styleguide/styleguide/src/bower_components","/home/simon/development/CodeBunker-styleguide/styleguide/src/node_modules"]}
[03:09:40.756] Finished typings discovery: {"cachedTypingPaths":[],"newTypingNames":["como"],"filesToWatch":["/home/simon/development/CodeBunker-styleguide/styleguide/src/bower_components","/home/simon/development/CodeBunker-styleguide/styleguide/src/node_modules"]}
[03:09:40.756] Installing typings ["como"]
[03:09:40.756] 'como':: Entry for package 'como' does not exist in local types registry - skipping...
[03:09:40.756] All typings are known to be missing or invalid - no need to install more typings
[03:09:40.756] Sending response:
    {"projectName":"/dev/null/inferredProject1*","typeAcquisition":{"enable":true,"include":[],"exclude":[]},"compilerOptions":{"module":1,"target":3,"jsx":1,"allowJs":true,"allowSyntheticDefaultImports":true,"allowNonTsExtensions":true,"noEmitForJsFiles":true,"maxNodeModuleJsDepth":2},"typings":[],"unresolvedImports":["como"],"kind":"action::set"}
[03:09:40.756] Response has been sent.
[03:09:41.244] Got install request {"projectName":"/dev/null/inferredProject1*","fileNames":["/home/simon/.emacs.d/.local/etc/lsp/npm/typescript/lib/node_modules/typescript/lib/lib.es5.d.ts","/home/simon/.emacs.d/.local/etc/lsp/npm/typescript/lib/node_modules/typescript/lib/lib.es2015.d.ts","/home/simon/.emacs.d/.local/etc/lsp/npm/typescript/lib/node_modules/typescript/lib/lib.es2016.d.ts","/home/simon/.emacs.d/.local/etc/lsp/npm/typescript/lib/node_modules/typescript/lib/lib.dom.d.ts","/home/simon/.emacs.d/.local/etc/lsp/npm/typescript/lib/node_modules/typescript/lib/lib.dom.iterable.d.ts","/home/simon/.emacs.d/.local/etc/lsp/npm/typescript/lib/node_modules/typescript/lib/lib.webworker.importscripts.d.ts","/home/simon/.emacs.d/.local/etc/lsp/npm/typescript/lib/node_modules/typescript/lib/lib.scripthost.d.ts","/home/simon/.emacs.d/.local/etc/lsp/npm/typescript/lib/node_modules/typescript/lib/lib.es2015.core.d.ts","/home/simon/.emacs.d/.local/etc/lsp/npm/typescript/lib/node_modules/typescript/lib/lib.es2015.collection.d.ts","/home/simon/.emacs.d/.local/etc/lsp/npm/typescript/lib/node_modules/typescript/lib/lib.es2015.generator.d.ts","/home/simon/.emacs.d/.local/etc/lsp/npm/typescript/lib/node_modules/typescript/lib/lib.es2015.iterable.d.ts","/home/simon/.emacs.d/.local/etc/lsp/npm/typescript/lib/node_modules/typescript/lib/lib.es2015.promise.d.ts","/home/simon/.emacs.d/.local/etc/lsp/npm/typescript/lib/node_modules/typescript/lib/lib.es2015.proxy.d.ts","/home/simon/.emacs.d/.local/etc/lsp/npm/typescript/lib/node_modules/typescript/lib/lib.es2015.reflect.d.ts","/home/simon/.emacs.d/.local/etc/lsp/npm/typescript/lib/node_modules/typescript/lib/lib.es2015.symbol.d.ts","/home/simon/.emacs.d/.local/etc/lsp/npm/typescript/lib/node_modules/typescript/lib/lib.es2015.symbol.wellknown.d.ts","/home/simon/.emacs.d/.local/etc/lsp/npm/typescript/lib/node_modules/typescript/lib/lib.es2016.array.include.d.ts","/home/simon/.emacs.d/.local/etc/lsp/npm/typescript/lib/node_modules/typescript/lib/lib.es2016.full.d.ts","/home/simon/development/CodeBunker-styleguide/styleguide/src/App.js"],"compilerOptions":{"module":1,"target":3,"jsx":1,"allowJs":true,"allowSyntheticDefaultImports":true,"allowNonTsExtensions":true,"noEmitForJsFiles":true,"maxNodeModuleJsDepth":2},"typeAcquisition":{"enable":true,"include":[],"exclude":[]},"unresolvedImports":["com"],"projectRootPath":"/home/simon/development/CodeBunker-styleguide/styleguide/src","kind":"discover"}
[03:09:41.244] Explicitly included types: []
[03:09:41.245] Inferred typings from unresolved imports: ["com"]
[03:09:41.245] Result: {"cachedTypingPaths":[],"newTypingNames":["com"],"filesToWatch":["/home/simon/development/CodeBunker-styleguide/styleguide/src/bower_components","/home/simon/development/CodeBunker-styleguide/styleguide/src/node_modules"]}
[03:09:41.245] Finished typings discovery: {"cachedTypingPaths":[],"newTypingNames":["com"],"filesToWatch":["/home/simon/development/CodeBunker-styleguide/styleguide/src/bower_components","/home/simon/development/CodeBunker-styleguide/styleguide/src/node_modules"]}
[03:09:41.245] Installing typings ["com"]
[03:09:41.245] 'com':: Entry for package 'com' does not exist in local types registry - skipping...
[03:09:41.245] All typings are known to be missing or invalid - no need to install more typings
[03:09:41.245] Sending response:
    {"projectName":"/dev/null/inferredProject1*","typeAcquisition":{"enable":true,"include":[],"exclude":[]},"compilerOptions":{"module":1,"target":3,"jsx":1,"allowJs":true,"allowSyntheticDefaultImports":true,"allowNonTsExtensions":true,"noEmitForJsFiles":true,"maxNodeModuleJsDepth":2},"typings":[],"unresolvedImports":["com"],"kind":"action::set"}
[03:09:41.245] Response has been sent.
[03:09:41.661] Got install request {"projectName":"/dev/null/inferredProject1*","fileNames":["/home/simon/.emacs.d/.local/etc/lsp/npm/typescript/lib/node_modules/typescript/lib/lib.es5.d.ts","/home/simon/.emacs.d/.local/etc/lsp/npm/typescript/lib/node_modules/typescript/lib/lib.es2015.d.ts","/home/simon/.emacs.d/.local/etc/lsp/npm/typescript/lib/node_modules/typescript/lib/lib.es2016.d.ts","/home/simon/.emacs.d/.local/etc/lsp/npm/typescript/lib/node_modules/typescript/lib/lib.dom.d.ts","/home/simon/.emacs.d/.local/etc/lsp/npm/typescript/lib/node_modules/typescript/lib/lib.dom.iterable.d.ts","/home/simon/.emacs.d/.local/etc/lsp/npm/typescript/lib/node_modules/typescript/lib/lib.webworker.importscripts.d.ts","/home/simon/.emacs.d/.local/etc/lsp/npm/typescript/lib/node_modules/typescript/lib/lib.scripthost.d.ts","/home/simon/.emacs.d/.local/etc/lsp/npm/typescript/lib/node_modules/typescript/lib/lib.es2015.core.d.ts","/home/simon/.emacs.d/.local/etc/lsp/npm/typescript/lib/node_modules/typescript/lib/lib.es2015.collection.d.ts","/home/simon/.emacs.d/.local/etc/lsp/npm/typescript/lib/node_modules/typescript/lib/lib.es2015.generator.d.ts","/home/simon/.emacs.d/.local/etc/lsp/npm/typescript/lib/node_modules/typescript/lib/lib.es2015.iterable.d.ts","/home/simon/.emacs.d/.local/etc/lsp/npm/typescript/lib/node_modules/typescript/lib/lib.es2015.promise.d.ts","/home/simon/.emacs.d/.local/etc/lsp/npm/typescript/lib/node_modules/typescript/lib/lib.es2015.proxy.d.ts","/home/simon/.emacs.d/.local/etc/lsp/npm/typescript/lib/node_modules/typescript/lib/lib.es2015.reflect.d.ts","/home/simon/.emacs.d/.local/etc/lsp/npm/typescript/lib/node_modules/typescript/lib/lib.es2015.symbol.d.ts","/home/simon/.emacs.d/.local/etc/lsp/npm/typescript/lib/node_modules/typescript/lib/lib.es2015.symbol.wellknown.d.ts","/home/simon/.emacs.d/.local/etc/lsp/npm/typescript/lib/node_modules/typescript/lib/lib.es2016.array.include.d.ts","/home/simon/.emacs.d/.local/etc/lsp/npm/typescript/lib/node_modules/typescript/lib/lib.es2016.full.d.ts","/home/simon/development/CodeBunker-styleguide/styleguide/src/App.js"],"compilerOptions":{"module":1,"target":3,"jsx":1,"allowJs":true,"allowSyntheticDefaultImports":true,"allowNonTsExtensions":true,"noEmitForJsFiles":true,"maxNodeModuleJsDepth":2},"typeAcquisition":{"enable":true,"include":[],"exclude":[]},"unresolvedImports":["compon"],"projectRootPath":"/home/simon/development/CodeBunker-styleguide/styleguide/src","kind":"discover"}
[03:09:41.662] Explicitly included types: []
[03:09:41.662] Inferred typings from unresolved imports: ["compon"]
[03:09:41.662] Result: {"cachedTypingPaths":[],"newTypingNames":["compon"],"filesToWatch":["/home/simon/development/CodeBunker-styleguide/styleguide/src/bower_components","/home/simon/development/CodeBunker-styleguide/styleguide/src/node_modules"]}
[03:09:41.662] Finished typings discovery: {"cachedTypingPaths":[],"newTypingNames":["compon"],"filesToWatch":["/home/simon/development/CodeBunker-styleguide/styleguide/src/bower_components","/home/simon/development/CodeBunker-styleguide/styleguide/src/node_modules"]}
[03:09:41.662] Installing typings ["compon"]
[03:09:41.662] 'compon':: Entry for package 'compon' does not exist in local types registry - skipping...
[03:09:41.662] All typings are known to be missing or invalid - no need to install more typings
[03:09:41.662] Sending response:
    {"projectName":"/dev/null/inferredProject1*","typeAcquisition":{"enable":true,"include":[],"exclude":[]},"compilerOptions":{"module":1,"target":3,"jsx":1,"allowJs":true,"allowSyntheticDefaultImports":true,"allowNonTsExtensions":true,"noEmitForJsFiles":true,"maxNodeModuleJsDepth":2},"typings":[],"unresolvedImports":["compon"],"kind":"action::set"}
[03:09:41.662] Response has been sent.
[03:09:42.093] Got install request {"projectName":"/dev/null/inferredProject1*","fileNames":["/home/simon/.emacs.d/.local/etc/lsp/npm/typescript/lib/node_modules/typescript/lib/lib.es5.d.ts","/home/simon/.emacs.d/.local/etc/lsp/npm/typescript/lib/node_modules/typescript/lib/lib.es2015.d.ts","/home/simon/.emacs.d/.local/etc/lsp/npm/typescript/lib/node_modules/typescript/lib/lib.es2016.d.ts","/home/simon/.emacs.d/.local/etc/lsp/npm/typescript/lib/node_modules/typescript/lib/lib.dom.d.ts","/home/simon/.emacs.d/.local/etc/lsp/npm/typescript/lib/node_modules/typescript/lib/lib.dom.iterable.d.ts","/home/simon/.emacs.d/.local/etc/lsp/npm/typescript/lib/node_modules/typescript/lib/lib.webworker.importscripts.d.ts","/home/simon/.emacs.d/.local/etc/lsp/npm/typescript/lib/node_modules/typescript/lib/lib.scripthost.d.ts","/home/simon/.emacs.d/.local/etc/lsp/npm/typescript/lib/node_modules/typescript/lib/lib.es2015.core.d.ts","/home/simon/.emacs.d/.local/etc/lsp/npm/typescript/lib/node_modules/typescript/lib/lib.es2015.collection.d.ts","/home/simon/.emacs.d/.local/etc/lsp/npm/typescript/lib/node_modules/typescript/lib/lib.es2015.generator.d.ts","/home/simon/.emacs.d/.local/etc/lsp/npm/typescript/lib/node_modules/typescript/lib/lib.es2015.iterable.d.ts","/home/simon/.emacs.d/.local/etc/lsp/npm/typescript/lib/node_modules/typescript/lib/lib.es2015.promise.d.ts","/home/simon/.emacs.d/.local/etc/lsp/npm/typescript/lib/node_modules/typescript/lib/lib.es2015.proxy.d.ts","/home/simon/.emacs.d/.local/etc/lsp/npm/typescript/lib/node_modules/typescript/lib/lib.es2015.reflect.d.ts","/home/simon/.emacs.d/.local/etc/lsp/npm/typescript/lib/node_modules/typescript/lib/lib.es2015.symbol.d.ts","/home/simon/.emacs.d/.local/etc/lsp/npm/typescript/lib/node_modules/typescript/lib/lib.es2015.symbol.wellknown.d.ts","/home/simon/.emacs.d/.local/etc/lsp/npm/typescript/lib/node_modules/typescript/lib/lib.es2016.array.include.d.ts","/home/simon/.emacs.d/.local/etc/lsp/npm/typescript/lib/node_modules/typescript/lib/lib.es2016.full.d.ts","/home/simon/development/CodeBunker-styleguide/styleguide/src/App.js"],"compilerOptions":{"module":1,"target":3,"jsx":1,"allowJs":true,"allowSyntheticDefaultImports":true,"allowNonTsExtensions":true,"noEmitForJsFiles":true,"maxNodeModuleJsDepth":2},"typeAcquisition":{"enable":true,"include":[],"exclude":[]},"unresolvedImports":["component"],"projectRootPath":"/home/simon/development/CodeBunker-styleguide/styleguide/src","kind":"discover"}
[03:09:42.093] Explicitly included types: []
[03:09:42.094] Inferred typings from unresolved imports: ["component"]
[03:09:42.094] Result: {"cachedTypingPaths":[],"newTypingNames":["component"],"filesToWatch":["/home/simon/development/CodeBunker-styleguide/styleguide/src/bower_components","/home/simon/development/CodeBunker-styleguide/styleguide/src/node_modules"]}
[03:09:42.094] Finished typings discovery: {"cachedTypingPaths":[],"newTypingNames":["component"],"filesToWatch":["/home/simon/development/CodeBunker-styleguide/styleguide/src/bower_components","/home/simon/development/CodeBunker-styleguide/styleguide/src/node_modules"]}
[03:09:42.094] Installing typings ["component"]
[03:09:42.094] 'component':: Entry for package 'component' does not exist in local types registry - skipping...
[03:09:42.095] All typings are known to be missing or invalid - no need to install more typings
[03:09:42.095] Sending response:
    {"projectName":"/dev/null/inferredProject1*","typeAcquisition":{"enable":true,"include":[],"exclude":[]},"compilerOptions":{"module":1,"target":3,"jsx":1,"allowJs":true,"allowSyntheticDefaultImports":true,"allowNonTsExtensions":true,"noEmitForJsFiles":true,"maxNodeModuleJsDepth":2},"typings":[],"unresolvedImports":["component"],"kind":"action::set"}
[03:09:42.095] Response has been sent.
[03:09:42.364] Got install request {"projectName":"/dev/null/inferredProject1*","fileNames":["/home/simon/.emacs.d/.local/etc/lsp/npm/typescript/lib/node_modules/typescript/lib/lib.es5.d.ts","/home/simon/.emacs.d/.local/etc/lsp/npm/typescript/lib/node_modules/typescript/lib/lib.es2015.d.ts","/home/simon/.emacs.d/.local/etc/lsp/npm/typescript/lib/node_modules/typescript/lib/lib.es2016.d.ts","/home/simon/.emacs.d/.local/etc/lsp/npm/typescript/lib/node_modules/typescript/lib/lib.dom.d.ts","/home/simon/.emacs.d/.local/etc/lsp/npm/typescript/lib/node_modules/typescript/lib/lib.dom.iterable.d.ts","/home/simon/.emacs.d/.local/etc/lsp/npm/typescript/lib/node_modules/typescript/lib/lib.webworker.importscripts.d.ts","/home/simon/.emacs.d/.local/etc/lsp/npm/typescript/lib/node_modules/typescript/lib/lib.scripthost.d.ts","/home/simon/.emacs.d/.local/etc/lsp/npm/typescript/lib/node_modules/typescript/lib/lib.es2015.core.d.ts","/home/simon/.emacs.d/.local/etc/lsp/npm/typescript/lib/node_modules/typescript/lib/lib.es2015.collection.d.ts","/home/simon/.emacs.d/.local/etc/lsp/npm/typescript/lib/node_modules/typescript/lib/lib.es2015.generator.d.ts","/home/simon/.emacs.d/.local/etc/lsp/npm/typescript/lib/node_modules/typescript/lib/lib.es2015.iterable.d.ts","/home/simon/.emacs.d/.local/etc/lsp/npm/typescript/lib/node_modules/typescript/lib/lib.es2015.promise.d.ts","/home/simon/.emacs.d/.local/etc/lsp/npm/typescript/lib/node_modules/typescript/lib/lib.es2015.proxy.d.ts","/home/simon/.emacs.d/.local/etc/lsp/npm/typescript/lib/node_modules/typescript/lib/lib.es2015.reflect.d.ts","/home/simon/.emacs.d/.local/etc/lsp/npm/typescript/lib/node_modules/typescript/lib/lib.es2015.symbol.d.ts","/home/simon/.emacs.d/.local/etc/lsp/npm/typescript/lib/node_modules/typescript/lib/lib.es2015.symbol.wellknown.d.ts","/home/simon/.emacs.d/.local/etc/lsp/npm/typescript/lib/node_modules/typescript/lib/lib.es2016.array.include.d.ts","/home/simon/.emacs.d/.local/etc/lsp/npm/typescript/lib/node_modules/typescript/lib/lib.es2016.full.d.ts","/home/simon/development/CodeBunker-styleguide/styleguide/src/App.js"],"compilerOptions":{"module":1,"target":3,"jsx":1,"allowJs":true,"allowSyntheticDefaultImports":true,"allowNonTsExtensions":true,"noEmitForJsFiles":true,"maxNodeModuleJsDepth":2},"typeAcquisition":{"enable":true,"include":[],"exclude":[]},"unresolvedImports":["components"],"projectRootPath":"/home/simon/development/CodeBunker-styleguide/styleguide/src","kind":"discover"}
[03:09:42.365] Explicitly included types: []
[03:09:42.365] Inferred typings from unresolved imports: ["components"]
[03:09:42.365] Result: {"cachedTypingPaths":[],"newTypingNames":["components"],"filesToWatch":["/home/simon/development/CodeBunker-styleguide/styleguide/src/bower_components","/home/simon/development/CodeBunker-styleguide/styleguide/src/node_modules"]}
[03:09:42.365] Finished typings discovery: {"cachedTypingPaths":[],"newTypingNames":["components"],"filesToWatch":["/home/simon/development/CodeBunker-styleguide/styleguide/src/bower_components","/home/simon/development/CodeBunker-styleguide/styleguide/src/node_modules"]}
[03:09:42.365] Installing typings ["components"]
[03:09:42.365] 'components':: Entry for package 'components' does not exist in local types registry - skipping...
[03:09:42.365] All typings are known to be missing or invalid - no need to install more typings
[03:09:42.365] Sending response:
    {"projectName":"/dev/null/inferredProject1*","typeAcquisition":{"enable":true,"include":[],"exclude":[]},"compilerOptions":{"module":1,"target":3,"jsx":1,"allowJs":true,"allowSyntheticDefaultImports":true,"allowNonTsExtensions":true,"noEmitForJsFiles":true,"maxNodeModuleJsDepth":2},"typings":[],"unresolvedImports":["components"],"kind":"action::set"}
[03:09:42.365] Response has been sent.
